{"/home/ibrahim/Desktop/repos/battleship/src/Gameboard.js": {"path":"/home/ibrahim/Desktop/repos/battleship/src/Gameboard.js","all":false,"statementMap":{"0":{"start":{"line":1,"column":0},"end":{"line":1,"column":33}},"1":{"start":{"line":2,"column":0},"end":{"line":2,"column":24}},"2":{"start":{"line":3,"column":0},"end":{"line":3,"column":17}},"3":{"start":{"line":4,"column":0},"end":{"line":4,"column":27}},"4":{"start":{"line":5,"column":0},"end":{"line":5,"column":65}},"5":{"start":{"line":6,"column":0},"end":{"line":6,"column":12}},"6":{"start":{"line":7,"column":0},"end":{"line":7,"column":62}},"7":{"start":{"line":8,"column":0},"end":{"line":8,"column":36}},"8":{"start":{"line":9,"column":0},"end":{"line":9,"column":63}},"9":{"start":{"line":10,"column":0},"end":{"line":10,"column":6}},"10":{"start":{"line":11,"column":0},"end":{"line":11,"column":42}},"11":{"start":{"line":12,"column":0},"end":{"line":12,"column":35}},"12":{"start":{"line":13,"column":0},"end":{"line":13,"column":28}},"13":{"start":{"line":14,"column":0},"end":{"line":14,"column":27}},"14":{"start":{"line":15,"column":0},"end":{"line":15,"column":13}},"15":{"start":{"line":16,"column":0},"end":{"line":16,"column":13}},"16":{"start":{"line":17,"column":0},"end":{"line":17,"column":13}},"17":{"start":{"line":18,"column":0},"end":{"line":18,"column":13}},"18":{"start":{"line":19,"column":0},"end":{"line":19,"column":13}},"19":{"start":{"line":20,"column":0},"end":{"line":20,"column":6}},"20":{"start":{"line":21,"column":0},"end":{"line":21,"column":30}},"21":{"start":{"line":22,"column":0},"end":{"line":22,"column":77}},"22":{"start":{"line":23,"column":0},"end":{"line":23,"column":32}},"23":{"start":{"line":24,"column":0},"end":{"line":24,"column":32}},"24":{"start":{"line":25,"column":0},"end":{"line":25,"column":41}},"25":{"start":{"line":26,"column":0},"end":{"line":26,"column":40}},"26":{"start":{"line":27,"column":0},"end":{"line":27,"column":6}},"27":{"start":{"line":28,"column":0},"end":{"line":28,"column":3}},"28":{"start":{"line":29,"column":0},"end":{"line":29,"column":0}},"29":{"start":{"line":30,"column":0},"end":{"line":30,"column":33}},"30":{"start":{"line":31,"column":0},"end":{"line":31,"column":28}},"31":{"start":{"line":32,"column":0},"end":{"line":32,"column":33}},"32":{"start":{"line":33,"column":0},"end":{"line":33,"column":35}},"33":{"start":{"line":34,"column":0},"end":{"line":34,"column":12}},"34":{"start":{"line":35,"column":0},"end":{"line":35,"column":77}},"35":{"start":{"line":36,"column":0},"end":{"line":36,"column":11}},"36":{"start":{"line":37,"column":0},"end":{"line":37,"column":42}},"37":{"start":{"line":38,"column":0},"end":{"line":38,"column":9}},"38":{"start":{"line":39,"column":0},"end":{"line":39,"column":7}},"39":{"start":{"line":40,"column":0},"end":{"line":40,"column":5}},"40":{"start":{"line":41,"column":0},"end":{"line":41,"column":3}},"41":{"start":{"line":42,"column":0},"end":{"line":42,"column":0}},"42":{"start":{"line":43,"column":0},"end":{"line":43,"column":33}},"43":{"start":{"line":44,"column":0},"end":{"line":44,"column":51}},"44":{"start":{"line":45,"column":0},"end":{"line":45,"column":49}},"45":{"start":{"line":46,"column":0},"end":{"line":46,"column":35}},"46":{"start":{"line":47,"column":0},"end":{"line":47,"column":30}},"47":{"start":{"line":48,"column":0},"end":{"line":48,"column":49}},"48":{"start":{"line":49,"column":0},"end":{"line":49,"column":54}},"49":{"start":{"line":50,"column":0},"end":{"line":50,"column":55}},"50":{"start":{"line":51,"column":0},"end":{"line":51,"column":59}},"51":{"start":{"line":52,"column":0},"end":{"line":52,"column":24}},"52":{"start":{"line":53,"column":0},"end":{"line":53,"column":33}},"53":{"start":{"line":54,"column":0},"end":{"line":54,"column":7}},"54":{"start":{"line":55,"column":0},"end":{"line":55,"column":3}},"55":{"start":{"line":56,"column":0},"end":{"line":56,"column":0}},"56":{"start":{"line":57,"column":0},"end":{"line":57,"column":35}},"57":{"start":{"line":58,"column":0},"end":{"line":58,"column":49}},"58":{"start":{"line":59,"column":0},"end":{"line":59,"column":56}},"59":{"start":{"line":60,"column":0},"end":{"line":60,"column":63}},"60":{"start":{"line":61,"column":0},"end":{"line":61,"column":13}},"61":{"start":{"line":62,"column":0},"end":{"line":62,"column":5}},"62":{"start":{"line":63,"column":0},"end":{"line":63,"column":0}},"63":{"start":{"line":64,"column":0},"end":{"line":64,"column":46}},"64":{"start":{"line":65,"column":0},"end":{"line":65,"column":30}},"65":{"start":{"line":66,"column":0},"end":{"line":66,"column":61}},"66":{"start":{"line":67,"column":0},"end":{"line":67,"column":66}},"67":{"start":{"line":68,"column":0},"end":{"line":68,"column":42}},"68":{"start":{"line":69,"column":0},"end":{"line":69,"column":9}},"69":{"start":{"line":70,"column":0},"end":{"line":70,"column":7}},"70":{"start":{"line":71,"column":0},"end":{"line":71,"column":61}},"71":{"start":{"line":72,"column":0},"end":{"line":72,"column":12}},"72":{"start":{"line":73,"column":0},"end":{"line":73,"column":46}},"73":{"start":{"line":74,"column":0},"end":{"line":74,"column":65}},"74":{"start":{"line":75,"column":0},"end":{"line":75,"column":8}},"75":{"start":{"line":76,"column":0},"end":{"line":76,"column":20}},"76":{"start":{"line":77,"column":0},"end":{"line":77,"column":63}},"77":{"start":{"line":78,"column":0},"end":{"line":78,"column":14}},"78":{"start":{"line":79,"column":0},"end":{"line":79,"column":15}},"79":{"start":{"line":80,"column":0},"end":{"line":80,"column":7}},"80":{"start":{"line":81,"column":0},"end":{"line":81,"column":5}},"81":{"start":{"line":82,"column":0},"end":{"line":82,"column":51}},"82":{"start":{"line":83,"column":0},"end":{"line":83,"column":66}},"83":{"start":{"line":84,"column":0},"end":{"line":84,"column":6}},"84":{"start":{"line":85,"column":0},"end":{"line":85,"column":0}},"85":{"start":{"line":86,"column":0},"end":{"line":86,"column":59}},"86":{"start":{"line":87,"column":0},"end":{"line":87,"column":61}},"87":{"start":{"line":88,"column":0},"end":{"line":88,"column":25}},"88":{"start":{"line":89,"column":0},"end":{"line":89,"column":48}},"89":{"start":{"line":90,"column":0},"end":{"line":90,"column":0}},"90":{"start":{"line":91,"column":0},"end":{"line":91,"column":30}},"91":{"start":{"line":92,"column":0},"end":{"line":92,"column":63}},"92":{"start":{"line":93,"column":0},"end":{"line":93,"column":37}},"93":{"start":{"line":94,"column":0},"end":{"line":94,"column":53}},"94":{"start":{"line":95,"column":0},"end":{"line":95,"column":54}},"95":{"start":{"line":96,"column":0},"end":{"line":96,"column":36}},"96":{"start":{"line":97,"column":0},"end":{"line":97,"column":45}},"97":{"start":{"line":98,"column":0},"end":{"line":98,"column":14}},"98":{"start":{"line":99,"column":0},"end":{"line":99,"column":43}},"99":{"start":{"line":100,"column":0},"end":{"line":100,"column":32}},"100":{"start":{"line":101,"column":0},"end":{"line":101,"column":52}},"101":{"start":{"line":102,"column":0},"end":{"line":102,"column":7}},"102":{"start":{"line":103,"column":0},"end":{"line":103,"column":5}},"103":{"start":{"line":104,"column":0},"end":{"line":104,"column":3}},"104":{"start":{"line":105,"column":0},"end":{"line":105,"column":0}},"105":{"start":{"line":106,"column":0},"end":{"line":106,"column":21}},"106":{"start":{"line":107,"column":0},"end":{"line":107,"column":19}},"107":{"start":{"line":108,"column":0},"end":{"line":108,"column":33}},"108":{"start":{"line":109,"column":0},"end":{"line":109,"column":19}},"109":{"start":{"line":110,"column":0},"end":{"line":110,"column":35}},"110":{"start":{"line":111,"column":0},"end":{"line":111,"column":23}},"111":{"start":{"line":112,"column":0},"end":{"line":112,"column":7}},"112":{"start":{"line":113,"column":0},"end":{"line":113,"column":22}},"113":{"start":{"line":114,"column":0},"end":{"line":114,"column":5}},"114":{"start":{"line":115,"column":0},"end":{"line":115,"column":17}},"115":{"start":{"line":116,"column":0},"end":{"line":116,"column":3}},"116":{"start":{"line":117,"column":0},"end":{"line":117,"column":0}},"117":{"start":{"line":118,"column":0},"end":{"line":118,"column":18}},"118":{"start":{"line":119,"column":0},"end":{"line":119,"column":55}},"119":{"start":{"line":120,"column":0},"end":{"line":120,"column":29}},"120":{"start":{"line":121,"column":0},"end":{"line":121,"column":0}},"121":{"start":{"line":122,"column":0},"end":{"line":122,"column":43}},"122":{"start":{"line":123,"column":0},"end":{"line":123,"column":51}},"123":{"start":{"line":124,"column":0},"end":{"line":124,"column":31}},"124":{"start":{"line":125,"column":0},"end":{"line":125,"column":40}},"125":{"start":{"line":126,"column":0},"end":{"line":126,"column":54}},"126":{"start":{"line":127,"column":0},"end":{"line":127,"column":35}},"127":{"start":{"line":128,"column":0},"end":{"line":128,"column":36}},"128":{"start":{"line":129,"column":0},"end":{"line":129,"column":9}},"129":{"start":{"line":130,"column":0},"end":{"line":130,"column":36}},"130":{"start":{"line":131,"column":0},"end":{"line":131,"column":7}},"131":{"start":{"line":132,"column":0},"end":{"line":132,"column":3}},"132":{"start":{"line":133,"column":0},"end":{"line":133,"column":0}},"133":{"start":{"line":134,"column":0},"end":{"line":134,"column":25}},"134":{"start":{"line":135,"column":0},"end":{"line":135,"column":1}},"135":{"start":{"line":136,"column":0},"end":{"line":136,"column":0}},"136":{"start":{"line":137,"column":0},"end":{"line":137,"column":34}},"137":{"start":{"line":138,"column":0},"end":{"line":138,"column":38}},"138":{"start":{"line":139,"column":0},"end":{"line":139,"column":38}},"139":{"start":{"line":140,"column":0},"end":{"line":140,"column":38}},"140":{"start":{"line":141,"column":0},"end":{"line":141,"column":38}},"141":{"start":{"line":142,"column":0},"end":{"line":142,"column":38}},"142":{"start":{"line":143,"column":0},"end":{"line":143,"column":38}},"143":{"start":{"line":144,"column":0},"end":{"line":144,"column":41}},"144":{"start":{"line":145,"column":0},"end":{"line":145,"column":41}},"145":{"start":{"line":146,"column":0},"end":{"line":146,"column":38}}},"s":{"0":1,"1":1,"2":1,"3":1,"4":1,"5":1,"6":1,"7":1,"8":1,"9":1,"10":1,"11":1,"12":1,"13":1,"14":1,"15":1,"16":1,"17":1,"18":1,"19":1,"20":1,"21":1,"22":1,"23":1,"24":1,"25":1,"26":1,"27":1,"28":1,"29":1,"30":4,"31":4,"32":40,"33":400,"34":400,"35":400,"36":389,"37":389,"38":400,"39":400,"40":40,"41":1,"42":1,"43":0,"44":0,"45":0,"46":0,"47":0,"48":0,"49":0,"50":0,"51":0,"52":0,"53":0,"54":0,"55":1,"56":1,"57":6,"58":6,"59":6,"60":0,"61":0,"62":6,"63":6,"64":3,"65":3,"66":6,"67":6,"68":6,"69":6,"70":3,"71":3,"72":3,"73":3,"74":3,"75":3,"76":3,"77":3,"78":0,"79":0,"80":3,"81":6,"82":6,"83":6,"84":6,"85":6,"86":3,"87":3,"88":3,"89":3,"90":3,"91":3,"92":3,"93":3,"94":3,"95":3,"96":3,"97":3,"98":0,"99":0,"100":0,"101":0,"102":3,"103":6,"104":1,"105":1,"106":1,"107":1,"108":10,"109":10,"110":100,"111":100,"112":10,"113":10,"114":1,"115":1,"116":1,"117":1,"118":0,"119":0,"120":0,"121":0,"122":0,"123":0,"124":0,"125":0,"126":0,"127":0,"128":0,"129":0,"130":0,"131":0,"132":1,"133":1,"134":1,"135":1,"136":1,"137":1,"138":1,"139":1,"140":1,"141":1,"142":1,"143":1,"144":1,"145":1},"branchMap":{"0":{"type":"branch","line":3,"loc":{"start":{"line":3,"column":2},"end":{"line":28,"column":3}},"locations":[{"start":{"line":3,"column":2},"end":{"line":28,"column":3}}]},"1":{"type":"branch","line":30,"loc":{"start":{"line":30,"column":2},"end":{"line":41,"column":3}},"locations":[{"start":{"line":30,"column":2},"end":{"line":41,"column":3}}]},"2":{"type":"branch","line":32,"loc":{"start":{"line":32,"column":32},"end":{"line":41,"column":3}},"locations":[{"start":{"line":32,"column":32},"end":{"line":41,"column":3}}]},"3":{"type":"branch","line":33,"loc":{"start":{"line":33,"column":34},"end":{"line":40,"column":5}},"locations":[{"start":{"line":33,"column":34},"end":{"line":40,"column":5}}]},"4":{"type":"branch","line":36,"loc":{"start":{"line":36,"column":10},"end":{"line":38,"column":9}},"locations":[{"start":{"line":36,"column":10},"end":{"line":38,"column":9}}]},"5":{"type":"branch","line":35,"loc":{"start":{"line":35,"column":40},"end":{"line":35,"column":76}},"locations":[{"start":{"line":35,"column":40},"end":{"line":35,"column":76}}]},"6":{"type":"branch","line":35,"loc":{"start":{"line":35,"column":60},"end":{"line":35,"column":76}},"locations":[{"start":{"line":35,"column":60},"end":{"line":35,"column":76}}]},"7":{"type":"branch","line":57,"loc":{"start":{"line":57,"column":2},"end":{"line":104,"column":3}},"locations":[{"start":{"line":57,"column":2},"end":{"line":104,"column":3}}]},"8":{"type":"branch","line":60,"loc":{"start":{"line":60,"column":62},"end":{"line":62,"column":5}},"locations":[{"start":{"line":60,"column":62},"end":{"line":62,"column":5}}]},"9":{"type":"branch","line":64,"loc":{"start":{"line":64,"column":45},"end":{"line":81,"column":5}},"locations":[{"start":{"line":64,"column":45},"end":{"line":81,"column":5}}]},"10":{"type":"branch","line":66,"loc":{"start":{"line":66,"column":60},"end":{"line":70,"column":7}},"locations":[{"start":{"line":66,"column":60},"end":{"line":70,"column":7}}]},"11":{"type":"branch","line":78,"loc":{"start":{"line":78,"column":7},"end":{"line":80,"column":7}},"locations":[{"start":{"line":78,"column":7},"end":{"line":80,"column":7}}]},"12":{"type":"branch","line":86,"loc":{"start":{"line":86,"column":58},"end":{"line":103,"column":5}},"locations":[{"start":{"line":86,"column":58},"end":{"line":103,"column":5}}]},"13":{"type":"branch","line":98,"loc":{"start":{"line":98,"column":7},"end":{"line":102,"column":7}},"locations":[{"start":{"line":98,"column":7},"end":{"line":102,"column":7}}]},"14":{"type":"branch","line":74,"loc":{"start":{"line":74,"column":9},"end":{"line":74,"column":65}},"locations":[{"start":{"line":74,"column":9},"end":{"line":74,"column":65}}]},"15":{"type":"branch","line":83,"loc":{"start":{"line":83,"column":7},"end":{"line":83,"column":66}},"locations":[{"start":{"line":83,"column":7},"end":{"line":83,"column":66}}]},"16":{"type":"branch","line":83,"loc":{"start":{"line":83,"column":38},"end":{"line":83,"column":64}},"locations":[{"start":{"line":83,"column":38},"end":{"line":83,"column":64}}]},"17":{"type":"branch","line":106,"loc":{"start":{"line":106,"column":2},"end":{"line":116,"column":3}},"locations":[{"start":{"line":106,"column":2},"end":{"line":116,"column":3}}]},"18":{"type":"branch","line":108,"loc":{"start":{"line":108,"column":32},"end":{"line":114,"column":5}},"locations":[{"start":{"line":108,"column":32},"end":{"line":114,"column":5}}]},"19":{"type":"branch","line":110,"loc":{"start":{"line":110,"column":34},"end":{"line":112,"column":7}},"locations":[{"start":{"line":110,"column":34},"end":{"line":112,"column":7}}]}},"b":{"0":[1],"1":[4],"2":[40],"3":[400],"4":[389],"5":[1081],"6":[108],"7":[6],"8":[0],"9":[3],"10":[6],"11":[0],"12":[3],"13":[0],"14":[3],"15":[10],"16":[6],"17":[1],"18":[10],"19":[100]},"fnMap":{"0":{"name":"Gameboard","decl":{"start":{"line":3,"column":2},"end":{"line":28,"column":3}},"loc":{"start":{"line":3,"column":2},"end":{"line":28,"column":3}},"line":3},"1":{"name":"initializeAcceptablePos","decl":{"start":{"line":30,"column":2},"end":{"line":41,"column":3}},"loc":{"start":{"line":30,"column":2},"end":{"line":41,"column":3}},"line":30},"2":{"name":"displayShipDimensionButtons","decl":{"start":{"line":43,"column":2},"end":{"line":55,"column":3}},"loc":{"start":{"line":43,"column":2},"end":{"line":55,"column":3}},"line":43},"3":{"name":"updateAcceptablePos","decl":{"start":{"line":57,"column":2},"end":{"line":104,"column":3}},"loc":{"start":{"line":57,"column":2},"end":{"line":104,"column":3}},"line":57},"4":{"name":"createBoard","decl":{"start":{"line":106,"column":2},"end":{"line":116,"column":3}},"loc":{"start":{"line":106,"column":2},"end":{"line":116,"column":3}},"line":106},"5":{"name":"displayBoard","decl":{"start":{"line":118,"column":2},"end":{"line":132,"column":3}},"loc":{"start":{"line":118,"column":2},"end":{"line":132,"column":3}},"line":118},"6":{"name":"receiveAttack","decl":{"start":{"line":134,"column":2},"end":{"line":134,"column":25}},"loc":{"start":{"line":134,"column":2},"end":{"line":134,"column":25}},"line":134}},"f":{"0":1,"1":4,"2":0,"3":6,"4":1,"5":0,"6":0}}
,"/home/ibrahim/Desktop/repos/battleship/src/Ship.js": {"path":"/home/ibrahim/Desktop/repos/battleship/src/Ship.js","all":false,"statementMap":{"0":{"start":{"line":1,"column":0},"end":{"line":1,"column":19}},"1":{"start":{"line":2,"column":0},"end":{"line":2,"column":27}},"2":{"start":{"line":3,"column":0},"end":{"line":3,"column":21}},"3":{"start":{"line":4,"column":0},"end":{"line":4,"column":21}},"4":{"start":{"line":5,"column":0},"end":{"line":5,"column":23}},"5":{"start":{"line":6,"column":0},"end":{"line":6,"column":27}},"6":{"start":{"line":7,"column":0},"end":{"line":7,"column":13}},"7":{"start":{"line":8,"column":0},"end":{"line":8,"column":13}},"8":{"start":{"line":9,"column":0},"end":{"line":9,"column":13}},"9":{"start":{"line":10,"column":0},"end":{"line":10,"column":13}},"10":{"start":{"line":11,"column":0},"end":{"line":11,"column":13}},"11":{"start":{"line":12,"column":0},"end":{"line":12,"column":6}},"12":{"start":{"line":13,"column":0},"end":{"line":13,"column":24}},"13":{"start":{"line":14,"column":0},"end":{"line":14,"column":3}},"14":{"start":{"line":15,"column":0},"end":{"line":15,"column":22}},"15":{"start":{"line":16,"column":0},"end":{"line":16,"column":30}},"16":{"start":{"line":17,"column":0},"end":{"line":17,"column":3}},"17":{"start":{"line":18,"column":0},"end":{"line":18,"column":13}},"18":{"start":{"line":19,"column":0},"end":{"line":19,"column":52}},"19":{"start":{"line":20,"column":0},"end":{"line":20,"column":40}},"20":{"start":{"line":21,"column":0},"end":{"line":21,"column":39}},"21":{"start":{"line":22,"column":0},"end":{"line":22,"column":52}},"22":{"start":{"line":23,"column":0},"end":{"line":23,"column":8}},"23":{"start":{"line":24,"column":0},"end":{"line":24,"column":25}},"24":{"start":{"line":25,"column":0},"end":{"line":25,"column":34}},"25":{"start":{"line":26,"column":0},"end":{"line":26,"column":0}},"26":{"start":{"line":27,"column":0},"end":{"line":27,"column":36}},"27":{"start":{"line":28,"column":0},"end":{"line":28,"column":55}},"28":{"start":{"line":29,"column":0},"end":{"line":29,"column":45}},"29":{"start":{"line":30,"column":0},"end":{"line":30,"column":37}},"30":{"start":{"line":31,"column":0},"end":{"line":31,"column":9}},"31":{"start":{"line":32,"column":0},"end":{"line":32,"column":0}},"32":{"start":{"line":33,"column":0},"end":{"line":33,"column":20}},"33":{"start":{"line":34,"column":0},"end":{"line":34,"column":7}},"34":{"start":{"line":35,"column":0},"end":{"line":35,"column":5}},"35":{"start":{"line":36,"column":0},"end":{"line":36,"column":17}},"36":{"start":{"line":37,"column":0},"end":{"line":37,"column":3}},"37":{"start":{"line":38,"column":0},"end":{"line":38,"column":16}},"38":{"start":{"line":39,"column":0},"end":{"line":39,"column":53}},"39":{"start":{"line":40,"column":0},"end":{"line":40,"column":41}},"40":{"start":{"line":41,"column":0},"end":{"line":41,"column":26}},"41":{"start":{"line":42,"column":0},"end":{"line":42,"column":33}},"42":{"start":{"line":43,"column":0},"end":{"line":43,"column":20}},"43":{"start":{"line":44,"column":0},"end":{"line":44,"column":7}},"44":{"start":{"line":45,"column":0},"end":{"line":45,"column":5}},"45":{"start":{"line":46,"column":0},"end":{"line":46,"column":17}},"46":{"start":{"line":47,"column":0},"end":{"line":47,"column":3}},"47":{"start":{"line":48,"column":0},"end":{"line":48,"column":13}},"48":{"start":{"line":49,"column":0},"end":{"line":49,"column":31}},"49":{"start":{"line":50,"column":0},"end":{"line":50,"column":3}},"50":{"start":{"line":51,"column":0},"end":{"line":51,"column":1}}},"s":{"0":1,"1":1,"2":6,"3":6,"4":6,"5":6,"6":6,"7":6,"8":6,"9":6,"10":6,"11":6,"12":6,"13":6,"14":1,"15":6,"16":6,"17":1,"18":8,"19":9,"20":9,"21":9,"22":9,"23":9,"24":8,"25":8,"26":8,"27":4,"28":4,"29":4,"30":4,"31":8,"32":8,"33":8,"34":9,"35":1,"36":1,"37":1,"38":6,"39":3,"40":3,"41":3,"42":1,"43":1,"44":3,"45":5,"46":5,"47":1,"48":1,"49":1,"50":1},"branchMap":{"0":{"type":"branch","line":2,"loc":{"start":{"line":2,"column":2},"end":{"line":14,"column":3}},"locations":[{"start":{"line":2,"column":2},"end":{"line":14,"column":3}}]},"1":{"type":"branch","line":15,"loc":{"start":{"line":15,"column":2},"end":{"line":17,"column":3}},"locations":[{"start":{"line":15,"column":2},"end":{"line":17,"column":3}}]},"2":{"type":"branch","line":18,"loc":{"start":{"line":18,"column":2},"end":{"line":37,"column":3}},"locations":[{"start":{"line":18,"column":2},"end":{"line":37,"column":3}}]},"3":{"type":"branch","line":19,"loc":{"start":{"line":19,"column":51},"end":{"line":35,"column":5}},"locations":[{"start":{"line":19,"column":51},"end":{"line":35,"column":5}}]},"4":{"type":"branch","line":24,"loc":{"start":{"line":24,"column":24},"end":{"line":34,"column":7}},"locations":[{"start":{"line":24,"column":24},"end":{"line":34,"column":7}}]},"5":{"type":"branch","line":27,"loc":{"start":{"line":27,"column":35},"end":{"line":31,"column":9}},"locations":[{"start":{"line":27,"column":35},"end":{"line":31,"column":9}}]},"6":{"type":"branch","line":35,"loc":{"start":{"line":35,"column":4},"end":{"line":37,"column":3}},"locations":[{"start":{"line":35,"column":4},"end":{"line":37,"column":3}}]},"7":{"type":"branch","line":22,"loc":{"start":{"line":22,"column":9},"end":{"line":22,"column":52}},"locations":[{"start":{"line":22,"column":9},"end":{"line":22,"column":52}}]},"8":{"type":"branch","line":22,"loc":{"start":{"line":22,"column":33},"end":{"line":22,"column":52}},"locations":[{"start":{"line":22,"column":33},"end":{"line":22,"column":52}}]},"9":{"type":"branch","line":38,"loc":{"start":{"line":38,"column":2},"end":{"line":47,"column":3}},"locations":[{"start":{"line":38,"column":2},"end":{"line":47,"column":3}}]},"10":{"type":"branch","line":39,"loc":{"start":{"line":39,"column":52},"end":{"line":45,"column":5}},"locations":[{"start":{"line":39,"column":52},"end":{"line":45,"column":5}}]},"11":{"type":"branch","line":42,"loc":{"start":{"line":42,"column":18},"end":{"line":42,"column":30}},"locations":[{"start":{"line":42,"column":18},"end":{"line":42,"column":30}}]},"12":{"type":"branch","line":42,"loc":{"start":{"line":42,"column":32},"end":{"line":44,"column":7}},"locations":[{"start":{"line":42,"column":32},"end":{"line":44,"column":7}}]},"13":{"type":"branch","line":45,"loc":{"start":{"line":45,"column":4},"end":{"line":47,"column":3}},"locations":[{"start":{"line":45,"column":4},"end":{"line":47,"column":3}}]},"14":{"type":"branch","line":48,"loc":{"start":{"line":48,"column":2},"end":{"line":50,"column":3}},"locations":[{"start":{"line":48,"column":2},"end":{"line":50,"column":3}}]}},"b":{"0":[6],"1":[6],"2":[8],"3":[9],"4":[8],"5":[4],"6":[1],"7":[9],"8":[8],"9":[6],"10":[3],"11":[1],"12":[1],"13":[5],"14":[1]},"fnMap":{"0":{"name":"Ship","decl":{"start":{"line":2,"column":2},"end":{"line":14,"column":3}},"loc":{"start":{"line":2,"column":2},"end":{"line":14,"column":3}},"line":2},"1":{"name":"setPosition","decl":{"start":{"line":15,"column":2},"end":{"line":17,"column":3}},"loc":{"start":{"line":15,"column":2},"end":{"line":17,"column":3}},"line":15},"2":{"name":"hit","decl":{"start":{"line":18,"column":2},"end":{"line":37,"column":3}},"loc":{"start":{"line":18,"column":2},"end":{"line":37,"column":3}},"line":18},"3":{"name":"isSunk","decl":{"start":{"line":38,"column":2},"end":{"line":47,"column":3}},"loc":{"start":{"line":38,"column":2},"end":{"line":47,"column":3}},"line":38},"4":{"name":"display","decl":{"start":{"line":48,"column":2},"end":{"line":50,"column":3}},"loc":{"start":{"line":48,"column":2},"end":{"line":50,"column":3}},"line":48}},"f":{"0":6,"1":6,"2":8,"3":6,"4":1}}
}
