TN:
SF:src/Gameboard.js
FN:3,Gameboard
FN:30,initializeAcceptablePos
FN:43,displayShipDimensionButtons
FN:57,updateAcceptablePos
FN:106,createBoard
FN:118,displayBoard
FN:134,receiveAttack
FNF:7
FNH:4
FNDA:1,Gameboard
FNDA:4,initializeAcceptablePos
FNDA:0,displayShipDimensionButtons
FNDA:6,updateAcceptablePos
FNDA:1,createBoard
FNDA:0,displayBoard
FNDA:0,receiveAttack
DA:1,1
DA:2,1
DA:3,1
DA:4,1
DA:5,1
DA:6,1
DA:7,1
DA:8,1
DA:9,1
DA:10,1
DA:11,1
DA:12,1
DA:13,1
DA:14,1
DA:15,1
DA:16,1
DA:17,1
DA:18,1
DA:19,1
DA:20,1
DA:21,1
DA:22,1
DA:23,1
DA:24,1
DA:25,1
DA:26,1
DA:27,1
DA:28,1
DA:29,1
DA:30,1
DA:31,4
DA:32,4
DA:33,40
DA:34,400
DA:35,400
DA:36,400
DA:37,389
DA:38,389
DA:39,400
DA:40,400
DA:41,40
DA:42,1
DA:43,1
DA:44,0
DA:45,0
DA:46,0
DA:47,0
DA:48,0
DA:49,0
DA:50,0
DA:51,0
DA:52,0
DA:53,0
DA:54,0
DA:55,0
DA:56,1
DA:57,1
DA:58,6
DA:59,6
DA:60,6
DA:61,0
DA:62,0
DA:63,6
DA:64,6
DA:65,3
DA:66,3
DA:67,6
DA:68,6
DA:69,6
DA:70,6
DA:71,3
DA:72,3
DA:73,3
DA:74,3
DA:75,3
DA:76,3
DA:77,3
DA:78,3
DA:79,0
DA:80,0
DA:81,3
DA:82,6
DA:83,6
DA:84,6
DA:85,6
DA:86,6
DA:87,3
DA:88,3
DA:89,3
DA:90,3
DA:91,3
DA:92,3
DA:93,3
DA:94,3
DA:95,3
DA:96,3
DA:97,3
DA:98,3
DA:99,0
DA:100,0
DA:101,0
DA:102,0
DA:103,3
DA:104,6
DA:105,1
DA:106,1
DA:107,1
DA:108,1
DA:109,10
DA:110,10
DA:111,100
DA:112,100
DA:113,10
DA:114,10
DA:115,1
DA:116,1
DA:117,1
DA:118,1
DA:119,0
DA:120,0
DA:121,0
DA:122,0
DA:123,0
DA:124,0
DA:125,0
DA:126,0
DA:127,0
DA:128,0
DA:129,0
DA:130,0
DA:131,0
DA:132,0
DA:133,1
DA:134,1
DA:135,1
DA:136,1
DA:137,1
DA:138,1
DA:139,1
DA:140,1
DA:141,1
DA:142,1
DA:143,1
DA:144,1
DA:145,1
DA:146,1
LF:146
LH:112
BRDA:3,0,0,1
BRDA:30,1,0,4
BRDA:32,2,0,40
BRDA:33,3,0,400
BRDA:36,4,0,389
BRDA:35,5,0,1081
BRDA:35,6,0,108
BRDA:57,7,0,6
BRDA:60,8,0,0
BRDA:64,9,0,3
BRDA:66,10,0,6
BRDA:78,11,0,0
BRDA:86,12,0,3
BRDA:98,13,0,0
BRDA:74,14,0,3
BRDA:83,15,0,10
BRDA:83,16,0,6
BRDA:106,17,0,1
BRDA:108,18,0,10
BRDA:110,19,0,100
BRF:20
BRH:17
end_of_record
TN:
SF:src/Ship.js
FN:2,Ship
FN:15,setPosition
FN:18,hit
FN:38,isSunk
FN:48,display
FNF:5
FNH:5
FNDA:6,Ship
FNDA:6,setPosition
FNDA:8,hit
FNDA:6,isSunk
FNDA:1,display
DA:1,1
DA:2,1
DA:3,6
DA:4,6
DA:5,6
DA:6,6
DA:7,6
DA:8,6
DA:9,6
DA:10,6
DA:11,6
DA:12,6
DA:13,6
DA:14,6
DA:15,1
DA:16,6
DA:17,6
DA:18,1
DA:19,8
DA:20,9
DA:21,9
DA:22,9
DA:23,9
DA:24,9
DA:25,8
DA:26,8
DA:27,8
DA:28,4
DA:29,4
DA:30,4
DA:31,4
DA:32,8
DA:33,8
DA:34,8
DA:35,9
DA:36,1
DA:37,1
DA:38,1
DA:39,6
DA:40,3
DA:41,3
DA:42,3
DA:43,1
DA:44,1
DA:45,3
DA:46,5
DA:47,5
DA:48,1
DA:49,1
DA:50,1
DA:51,1
LF:51
LH:51
BRDA:2,0,0,6
BRDA:15,1,0,6
BRDA:18,2,0,8
BRDA:19,3,0,9
BRDA:24,4,0,8
BRDA:27,5,0,4
BRDA:35,6,0,1
BRDA:22,7,0,9
BRDA:22,8,0,8
BRDA:38,9,0,6
BRDA:39,10,0,3
BRDA:42,11,0,1
BRDA:42,12,0,1
BRDA:45,13,0,5
BRDA:48,14,0,1
BRF:15
BRH:15
end_of_record
