TN:
SF:src/Gameboard.js
FN:3,Gameboard
FN:31,initializeAcceptablePos
FN:44,displayShipDimensionButtons
FN:62,updateShipDimensionButtons
FN:73,updateAcceptablePos
FN:129,createBoard
FN:141,randomiseShipPlacement
FN:183,getRandomCellId
FN:189,displayBoard
FN:209,receiveAttack
FN:218,areAllShipsSunk
FNF:11
FNH:7
FNDA:10,Gameboard
FNDA:11,initializeAcceptablePos
FNDA:1,displayShipDimensionButtons
FNDA:0,updateShipDimensionButtons
FNDA:2,updateAcceptablePos
FNDA:16,createBoard
FNDA:0,randomiseShipPlacement
FNDA:0,getRandomCellId
FNDA:1,displayBoard
FNDA:1,receiveAttack
FNDA:0,areAllShipsSunk
DA:1,1
DA:2,1
DA:3,1
DA:4,10
DA:5,10
DA:6,10
DA:7,10
DA:8,10
DA:9,10
DA:10,10
DA:11,10
DA:12,10
DA:13,10
DA:14,10
DA:15,10
DA:16,10
DA:17,10
DA:18,10
DA:19,10
DA:20,10
DA:21,10
DA:22,10
DA:23,10
DA:24,10
DA:25,10
DA:26,10
DA:27,10
DA:28,10
DA:29,10
DA:30,1
DA:31,1
DA:32,11
DA:33,11
DA:34,110
DA:35,1100
DA:36,1100
DA:37,1100
DA:38,1100
DA:39,1100
DA:40,1100
DA:41,1100
DA:42,110
DA:43,1
DA:44,1
DA:45,1
DA:46,1
DA:47,1
DA:48,1
DA:49,1
DA:50,5
DA:51,5
DA:52,5
DA:53,5
DA:54,5
DA:55,1
DA:56,1
DA:57,5
DA:58,5
DA:59,1
DA:60,1
DA:61,1
DA:62,1
DA:63,0
DA:64,0
DA:65,0
DA:66,0
DA:67,0
DA:68,0
DA:69,0
DA:70,0
DA:71,0
DA:72,1
DA:73,1
DA:74,2
DA:75,2
DA:76,2
DA:77,2
DA:78,2
DA:79,2
DA:80,1
DA:81,1
DA:82,1
DA:83,1
DA:84,1
DA:85,1
DA:86,2
DA:87,2
DA:88,2
DA:89,2
DA:90,1
DA:91,2
DA:92,0
DA:93,0
DA:94,0
DA:95,0
DA:96,0
DA:97,0
DA:98,0
DA:99,0
DA:100,0
DA:101,1
DA:102,1
DA:103,1
DA:104,1
DA:105,2
DA:106,0
DA:107,0
DA:108,0
DA:109,0
DA:110,0
DA:111,0
DA:112,0
DA:113,0
DA:114,0
DA:115,0
DA:116,0
DA:117,0
DA:118,0
DA:119,0
DA:120,0
DA:121,0
DA:122,0
DA:123,0
DA:124,0
DA:125,0
DA:126,0
DA:127,2
DA:128,1
DA:129,1
DA:130,16
DA:131,16
DA:132,160
DA:133,160
DA:134,1570
DA:135,1570
DA:136,160
DA:137,160
DA:138,16
DA:139,16
DA:140,1
DA:141,1
DA:142,0
DA:143,0
DA:144,0
DA:145,0
DA:146,0
DA:147,0
DA:148,0
DA:149,0
DA:150,0
DA:151,0
DA:152,0
DA:153,0
DA:154,0
DA:155,0
DA:156,0
DA:157,0
DA:158,0
DA:159,0
DA:160,0
DA:161,0
DA:162,0
DA:163,0
DA:164,0
DA:165,0
DA:166,0
DA:167,0
DA:168,0
DA:169,0
DA:170,0
DA:171,0
DA:172,0
DA:173,0
DA:174,0
DA:175,0
DA:176,0
DA:177,0
DA:178,0
DA:179,0
DA:180,0
DA:181,0
DA:182,1
DA:183,1
DA:184,0
DA:185,0
DA:186,0
DA:187,0
DA:188,1
DA:189,1
DA:190,1
DA:191,1
DA:192,1
DA:193,1
DA:194,1
DA:195,1
DA:196,10
DA:197,10
DA:198,10
DA:199,100
DA:200,100
DA:201,100
DA:202,100
DA:203,10
DA:204,10
DA:205,1
DA:206,1
DA:207,1
DA:208,1
DA:209,1
DA:210,1
DA:211,1
DA:212,0
DA:213,1
DA:214,1
DA:215,1
DA:216,1
DA:217,1
DA:218,1
DA:219,0
DA:220,0
DA:221,0
DA:222,0
DA:223,0
DA:224,0
DA:225,0
DA:226,1
LF:226
LH:135
BRDA:3,0,0,10
BRDA:31,1,0,11
BRDA:33,2,0,110
BRDA:34,3,0,1100
BRDA:44,4,0,1
BRDA:49,5,0,5
BRDA:54,6,0,1
BRDA:73,7,0,2
BRDA:79,8,0,1
BRDA:79,9,0,1
BRDA:85,10,0,2
BRDA:91,11,0,0
BRDA:100,12,0,1
BRDA:105,13,0,0
BRDA:102,14,0,2
BRDA:102,15,0,1
BRDA:129,16,0,16
BRDA:131,17,0,160
BRDA:133,18,0,1570
BRDA:189,19,0,1
BRDA:195,20,0,10
BRDA:198,21,0,100
BRDA:209,22,0,1
BRDA:211,23,0,0
BRF:24
BRH:21
end_of_record
TN:
SF:src/Ship.js
FN:2,Ship
FN:15,setPosition
FN:19,hit
FN:39,isSunk
FN:49,display
FNF:5
FNH:4
FNDA:10,Ship
FNDA:3,setPosition
FNDA:1,hit
FNDA:6,isSunk
FNDA:0,display
DA:1,1
DA:2,1
DA:3,10
DA:4,10
DA:5,10
DA:6,10
DA:7,10
DA:8,10
DA:9,10
DA:10,10
DA:11,10
DA:12,10
DA:13,10
DA:14,10
DA:15,1
DA:16,3
DA:17,3
DA:18,3
DA:19,1
DA:20,1
DA:21,0
DA:22,0
DA:23,0
DA:24,0
DA:25,0
DA:26,0
DA:27,0
DA:28,0
DA:29,0
DA:30,0
DA:31,0
DA:32,0
DA:33,0
DA:34,0
DA:35,0
DA:36,0
DA:37,0
DA:38,0
DA:39,1
DA:40,6
DA:41,3
DA:42,3
DA:43,3
DA:44,1
DA:45,1
DA:46,3
DA:47,5
DA:48,5
DA:49,1
DA:50,0
DA:51,0
DA:52,1
LF:52
LH:32
BRDA:2,0,0,10
BRDA:15,1,0,3
BRDA:19,2,0,1
BRDA:20,3,0,0
BRDA:23,4,0,9
BRDA:23,5,0,8
BRDA:39,6,0,6
BRDA:40,7,0,3
BRDA:43,8,0,1
BRDA:43,9,0,1
BRDA:46,10,0,5
BRF:11
BRH:10
end_of_record
